<?xml version="1.0" encoding="UTF-8"?>
<testng-results ignored="0" total="2" passed="2" failed="0" skipped="0">
  <reporter-output>
  </reporter-output>
  <suite started-at="2021-03-27T10:49:49Z" name="Suite" finished-at="2021-03-27T10:50:53Z" duration-ms="63577">
    <groups>
    </groups>
    <test started-at="2021-03-27T10:49:49Z" name="Test" finished-at="2021-03-27T10:50:53Z" duration-ms="63577">
      <class name="test.ActiLogPage">
        <test-method is-config="true" signature="openBrowser()[pri:0, instance:test.ActiLogPage@32ee6fee]" started-at="2021-03-27T10:49:49Z" name="openBrowser" finished-at="2021-03-27T10:50:02Z" duration-ms="12153" status="PASS">
          <reporter-output>
          </reporter-output>
        </test-method> <!-- openBrowser -->
        <test-method is-config="true" signature="loginTo()[pri:0, instance:test.ActiLogPage@32ee6fee]" started-at="2021-03-27T10:50:02Z" name="loginTo" finished-at="2021-03-27T10:50:03Z" duration-ms="988" status="PASS">
          <reporter-output>
          </reporter-output>
        </test-method> <!-- loginTo -->
        <test-method signature="setting()[pri:0, instance:test.ActiLogPage@32ee6fee]" started-at="2021-03-27T10:50:03Z" name="setting" finished-at="2021-03-27T10:50:12Z" duration-ms="9359" status="PASS">
          <reporter-output>
          </reporter-output>
        </test-method> <!-- setting -->
        <test-method is-config="true" signature="logoutFrom()[pri:0, instance:test.ActiLogPage@32ee6fee]" started-at="2021-03-27T10:50:12Z" name="logoutFrom" finished-at="2021-03-27T10:50:14Z" duration-ms="2065" status="PASS">
          <reporter-output>
          </reporter-output>
        </test-method> <!-- logoutFrom -->
        <test-method is-config="true" signature="close()[pri:0, instance:test.ActiLogPage@32ee6fee]" started-at="2021-03-27T10:50:14Z" name="close" finished-at="2021-03-27T10:50:15Z" duration-ms="747" status="PASS">
          <reporter-output>
          </reporter-output>
        </test-method> <!-- close -->
      </class> <!-- test.ActiLogPage -->
      <class name="test.Types_ofWork">
        <test-method is-config="true" signature="openBrowser()[pri:0, instance:test.Types_ofWork@4d0f2471]" started-at="2021-03-27T10:50:15Z" name="openBrowser" finished-at="2021-03-27T10:50:26Z" duration-ms="10795" status="PASS">
          <reporter-output>
          </reporter-output>
        </test-method> <!-- openBrowser -->
        <test-method is-config="true" signature="loginTo()[pri:0, instance:test.Types_ofWork@4d0f2471]" started-at="2021-03-27T10:50:26Z" name="loginTo" finished-at="2021-03-27T10:50:26Z" duration-ms="434" status="PASS">
          <reporter-output>
          </reporter-output>
        </test-method> <!-- loginTo -->
        <test-method signature="setting()[pri:0, instance:test.Types_ofWork@4d0f2471]" started-at="2021-03-27T10:50:26Z" name="setting" finished-at="2021-03-27T10:50:50Z" duration-ms="23808" status="PASS">
          <reporter-output>
          </reporter-output>
        </test-method> <!-- setting -->
        <test-method is-config="true" signature="logoutFrom()[pri:0, instance:test.Types_ofWork@4d0f2471]" started-at="2021-03-27T10:50:50Z" name="logoutFrom" finished-at="2021-03-27T10:50:52Z" duration-ms="2471" status="PASS">
          <reporter-output>
          </reporter-output>
        </test-method> <!-- logoutFrom -->
        <test-method is-config="true" signature="close()[pri:0, instance:test.Types_ofWork@4d0f2471]" started-at="2021-03-27T10:50:52Z" name="close" finished-at="2021-03-27T10:50:53Z" duration-ms="728" status="PASS">
          <reporter-output>
          </reporter-output>
        </test-method> <!-- close -->
      </class> <!-- test.Types_ofWork -->
    </test> <!-- Test -->
  </suite> <!-- Suite -->
</testng-results>
